<?xml version="1.0" encoding="UTF-8"?>
<!-- Generated by org.testng.reporters.JUnitXMLReporter -->
<testsuite ignored="15" hostname="LAPTOP-QKCURUKN" failures="0" tests="1" name="Default test" time="6.418" errors="0" timestamp="2024-05-10T21:52:26 IST">
  <testcase classname="com.quantum.Homepage" name="GetStartedTab" time="6.276"/>
  <testcase classname="com.quantum.Homepage" name="HomepageVisibility" time="0.0">
    <ignored/>
  </testcase> <!-- HomepageVisibility -->
  <testcase classname="com.quantum.Homepage" name="Banner" time="0.0">
    <ignored/>
  </testcase> <!-- Banner -->
  <testcase classname="com.quantum.Homepage" name="VerifyService" time="0.0">
    <ignored/>
  </testcase> <!-- VerifyService -->
  <testcase classname="com.quantum.Homepage" name="DarkModee" time="0.0">
    <ignored/>
  </testcase> <!-- DarkModee -->
  <testcase classname="com.quantum.Homepage" name="setUp" time="0.0">
    <ignored/>
  </testcase> <!-- setUp -->
  <testcase classname="com.quantum.Homepage" name="DarkMode" time="0.0">
    <ignored/>
  </testcase> <!-- DarkMode -->
  <testcase classname="com.quantum.Homepage" name="Contact" time="0.0">
    <ignored/>
  </testcase> <!-- Contact -->
  <testcase classname="com.quantum.Homepage" name="VerifyContact" time="0.0">
    <ignored/>
  </testcase> <!-- VerifyContact -->
  <testcase classname="com.quantum.Homepage" name="ServiceTab" time="0.0">
    <ignored/>
  </testcase> <!-- ServiceTab -->
  <testcase classname="com.quantum.Homepage" name="HomeTab" time="0.0">
    <ignored/>
  </testcase> <!-- HomeTab -->
  <testcase classname="com.quantum.Homepage" name="VerifyPortfolio" time="0.0">
    <ignored/>
  </testcase> <!-- VerifyPortfolio -->
  <testcase classname="com.quantum.Homepage" name="AboutUs" time="0.0">
    <ignored/>
  </testcase> <!-- AboutUs -->
  <testcase classname="com.quantum.Homepage" name="Portfoliotab" time="0.0">
    <ignored/>
  </testcase> <!-- Portfoliotab -->
  <testcase classname="com.quantum.Homepage" name="VerifyAboutUs" time="0.0">
    <ignored/>
  </testcase> <!-- VerifyAboutUs -->
  <testcase classname="com.quantum.Homepage" name="VerifyLogo" time="0.0">
    <ignored/>
  </testcase> <!-- VerifyLogo -->
</testsuite> <!-- Default test -->
