<?xml version="1.0" encoding="UTF-8"?>
<testng-results ignored="0" total="1" passed="1" failed="0" skipped="0">
  <reporter-output>
  </reporter-output>
  <suite started-at="2024-04-17T19:14:10 IST" name="Default suite" finished-at="2024-04-17T19:14:13 IST" duration-ms="3340">
    <groups>
    </groups>
    <test started-at="2024-04-17T19:14:10 IST" name="Default test" finished-at="2024-04-17T19:14:13 IST" duration-ms="3340">
      <class name="com.quantum.Homepage">
        <test-method is-config="true" signature="setUp()[pri:0, instance:com.quantum.Homepage@32232e55]" started-at="2024-04-17T19:13:59 IST" name="setUp" finished-at="2024-04-17T19:14:10 IST" duration-ms="11163" status="PASS">
          <reporter-output>
          </reporter-output>
        </test-method> <!-- setUp -->
        <test-method signature="HomepageVisibility()[pri:2, instance:com.quantum.Homepage@32232e55]" started-at="2024-04-17T19:14:10 IST" name="HomepageVisibility" finished-at="2024-04-17T19:14:13 IST" duration-ms="3169" status="PASS">
          <reporter-output>
          </reporter-output>
        </test-method> <!-- HomepageVisibility -->
        <test-method is-config="true" signature="teardown()[pri:0, instance:com.quantum.Homepage@32232e55]" started-at="2024-04-17T19:14:14 IST" name="teardown" finished-at="2024-04-17T19:14:14 IST" duration-ms="219" status="PASS">
          <reporter-output>
          </reporter-output>
        </test-method> <!-- teardown -->
      </class> <!-- com.quantum.Homepage -->
    </test> <!-- Default test -->
  </suite> <!-- Default suite -->
</testng-results>
