<?xml version="1.0" encoding="UTF-8"?>
<testng-results ignored="0" total="1" passed="1" failed="0" skipped="0">
  <reporter-output>
  </reporter-output>
  <suite started-at="2024-05-10T21:52:19 IST" name="Default suite" finished-at="2024-05-10T21:52:26 IST" duration-ms="6418">
    <groups>
    </groups>
    <test started-at="2024-05-10T21:52:19 IST" name="Default test" finished-at="2024-05-10T21:52:26 IST" duration-ms="6418">
      <class name="com.quantum.Homepage">
        <test-method is-config="true" signature="setUp()[pri:0, instance:com.quantum.Homepage@33617539]" started-at="2024-05-10T21:51:30 IST" name="setUp" finished-at="2024-05-10T21:52:19 IST" duration-ms="48936" status="PASS">
          <reporter-output>
          </reporter-output>
        </test-method> <!-- setUp -->
        <test-method signature="GetStartedTab()[pri:16, instance:com.quantum.Homepage@33617539]" started-at="2024-05-10T21:52:19 IST" name="GetStartedTab" finished-at="2024-05-10T21:52:26 IST" duration-ms="6276" status="PASS">
          <reporter-output>
          </reporter-output>
        </test-method> <!-- GetStartedTab -->
        <test-method is-config="true" signature="teardown()[pri:0, instance:com.quantum.Homepage@33617539]" started-at="2024-05-10T21:52:26 IST" name="teardown" finished-at="2024-05-10T21:52:26 IST" duration-ms="455" status="PASS">
          <reporter-output>
          </reporter-output>
        </test-method> <!-- teardown -->
      </class> <!-- com.quantum.Homepage -->
    </test> <!-- Default test -->
  </suite> <!-- Default suite -->
</testng-results>
